2015-01-19 14:31:55 5484 [Note] Plugin 'FEDERATED' is disabled.
2015-01-19 14:31:55 5484 [Note] InnoDB: The InnoDB memory heap is disabled
2015-01-19 14:31:55 5484 [Note] InnoDB: Mutexes and rw_locks use Windows interlocked functions
2015-01-19 14:31:55 5484 [Note] InnoDB: Compressed tables use zlib 1.2.3
2015-01-19 14:31:55 5484 [Note] InnoDB: Not using CPU crc32 instructions
2015-01-19 14:31:55 5484 [Note] InnoDB: Initializing buffer pool, size = 128.0M
2015-01-19 14:31:55 5484 [Note] InnoDB: Completed initialization of buffer pool
2015-01-19 14:31:56 5484 [Note] InnoDB: Setting log file F:\Documents\USBWebserver v8.6\mysql\data\ib_logfile101 size to 5 MB
2015-01-19 14:31:56 5484 [Note] InnoDB: Setting log file F:\Documents\USBWebserver v8.6\mysql\data\ib_logfile1 size to 5 MB
2015-01-19 14:32:01 5484 [Note] InnoDB: Renaming log file F:\Documents\USBWebserver v8.6\mysql\data\ib_logfile101 to F:\Documents\USBWebserver v8.6\mysql\data\ib_logfile0
2015-01-19 14:32:01 5484 [Warning] InnoDB: New log files created, LSN=1626134
2015-01-19 14:32:01 5484 [Note] InnoDB: Highest supported file format is Barracuda.
2015-01-19 14:32:02 5484 [Note] InnoDB: 128 rollback segment(s) are active.
2015-01-19 14:32:02 5484 [Note] InnoDB: Waiting for purge to start
2015-01-19 14:32:02 5484 [Note] InnoDB: 5.6.13 started; log sequence number 1626636
2015-01-19 14:32:02 5484 [Warning] No existing UUID has been found, so we assume that this is the first time that this server has been started. Generating a new UUID: 8d572b58-9fdf-11e4-9ab2-f8bc12725731.
2015-01-19 14:32:02 5484 [Note] Server hostname (bind-address): '*'; port: 3307
2015-01-19 14:32:02 5484 [Note] IPv6 is available.
2015-01-19 14:32:02 5484 [Note]   - '::' resolves to '::';
2015-01-19 14:32:02 5484 [Note] Server socket created on IP: '::'.
2015-01-19 14:32:17 5208 [Note] Plugin 'FEDERATED' is disabled.
2015-01-19 14:32:17 5208 [Note] InnoDB: The InnoDB memory heap is disabled
2015-01-19 14:32:17 5208 [Note] InnoDB: Mutexes and rw_locks use Windows interlocked functions
2015-01-19 14:32:17 5208 [Note] InnoDB: Compressed tables use zlib 1.2.3
2015-01-19 14:32:17 5208 [Note] InnoDB: Not using CPU crc32 instructions
2015-01-19 14:32:17 5208 [Note] InnoDB: Initializing buffer pool, size = 128.0M
2015-01-19 14:32:17 5208 [Note] InnoDB: Completed initialization of buffer pool
2015-01-19 14:32:18 5208 [Note] InnoDB: Highest supported file format is Barracuda.
2015-01-19 14:32:18 5208 [Note] InnoDB: The log sequence numbers 1626134 and 1626134 in ibdata files do not match the log sequence number 1626646 in the ib_logfiles!
2015-01-19 14:32:18 5208 [Note] InnoDB: Database was not shutdown normally!
2015-01-19 14:32:18 5208 [Note] InnoDB: Starting crash recovery.
2015-01-19 14:32:18 5208 [Note] InnoDB: Reading tablespace information from the .ibd files...
2015-01-19 14:32:18 5208 [Note] InnoDB: Restoring possible half-written data pages 
2015-01-19 14:32:18 5208 [Note] InnoDB: from the doublewrite buffer...
2015-01-19 14:32:22 5208 [Note] InnoDB: 128 rollback segment(s) are active.
2015-01-19 14:32:22 5208 [Note] InnoDB: Waiting for purge to start
2015-01-19 14:32:22 5208 [Note] InnoDB: 5.6.13 started; log sequence number 1626646
2015-01-19 14:32:22 5208 [Note] Server hostname (bind-address): '*'; port: 3307
2015-01-19 14:32:22 5208 [Note] IPv6 is available.
2015-01-19 14:32:22 5208 [Note]   - '::' resolves to '::';
2015-01-19 14:32:22 5208 [Note] Server socket created on IP: '::'.
2015-01-19 14:32:29 5208 [Note] Event Scheduler: Loaded 0 events
2015-01-19 14:32:29 5208 [Note] F:\Documents\USBWebserver v8.6/mysql/bin/mysqld_usbwv8.exe: ready for connections.
Version: '5.6.13'  socket: ''  port: 3307  MySQL Community Server (GPL)
2015-01-22 13:53:38 5932 [Note] Plugin 'FEDERATED' is disabled.
2015-01-22 13:53:41 5932 [Note] InnoDB: The InnoDB memory heap is disabled
2015-01-22 13:53:41 5932 [Note] InnoDB: Mutexes and rw_locks use Windows interlocked functions
2015-01-22 13:53:41 5932 [Note] InnoDB: Compressed tables use zlib 1.2.3
2015-01-22 13:53:41 5932 [Note] InnoDB: Not using CPU crc32 instructions
2015-01-22 13:53:41 5932 [Note] InnoDB: Initializing buffer pool, size = 128.0M
2015-01-22 13:53:41 5932 [Note] InnoDB: Completed initialization of buffer pool
2015-01-22 13:53:41 5932 [Note] InnoDB: Highest supported file format is Barracuda.
2015-01-22 13:53:42 5932 [Note] InnoDB: The log sequence numbers 1626134 and 1626134 in ibdata files do not match the log sequence number 1735208 in the ib_logfiles!
2015-01-22 13:53:42 5932 [Note] InnoDB: Database was not shutdown normally!
2015-01-22 13:53:42 5932 [Note] InnoDB: Starting crash recovery.
2015-01-22 13:53:42 5932 [Note] InnoDB: Reading tablespace information from the .ibd files...
2015-01-22 13:53:44 5932 [Note] InnoDB: Restoring possible half-written data pages 
2015-01-22 13:53:44 5932 [Note] InnoDB: from the doublewrite buffer...
2015-01-22 13:53:49 5932 [Note] InnoDB: 128 rollback segment(s) are active.
2015-01-22 13:53:49 5932 [Note] InnoDB: Waiting for purge to start
2015-01-22 13:53:49 5932 [Note] InnoDB: 5.6.13 started; log sequence number 1735208
2015-01-22 13:53:49 5932 [Note] Server hostname (bind-address): '*'; port: 3307
2015-01-22 13:53:49 5932 [Note] IPv6 is available.
2015-01-22 13:53:49 5932 [Note]   - '::' resolves to '::';
2015-01-22 13:53:49 5932 [Note] Server socket created on IP: '::'.
2015-01-22 13:54:23 5932 [Note] Event Scheduler: Loaded 0 events
2015-01-22 13:54:23 5932 [Note] F:\Documents\USBWebserver v8.6/mysql/bin/mysqld_usbwv8.exe: ready for connections.
Version: '5.6.13'  socket: ''  port: 3307  MySQL Community Server (GPL)
