2015-01-24 19:36:07 9452 [Note] Plugin 'FEDERATED' is disabled.
2015-01-24 19:36:07 9452 [Note] InnoDB: The InnoDB memory heap is disabled
2015-01-24 19:36:07 9452 [Note] InnoDB: Mutexes and rw_locks use Windows interlocked functions
2015-01-24 19:36:07 9452 [Note] InnoDB: Compressed tables use zlib 1.2.3
2015-01-24 19:36:07 9452 [Note] InnoDB: Not using CPU crc32 instructions
2015-01-24 19:36:07 9452 [Note] InnoDB: Initializing buffer pool, size = 128.0M
2015-01-24 19:36:07 9452 [Note] InnoDB: Completed initialization of buffer pool
2015-01-24 19:36:07 9452 [Note] InnoDB: Highest supported file format is Barracuda.
2015-01-24 19:36:07 9452 [Note] InnoDB: The log sequence numbers 1626134 and 1626134 in ibdata files do not match the log sequence number 1859288 in the ib_logfiles!
2015-01-24 19:36:07 9452 [Note] InnoDB: Database was not shutdown normally!
2015-01-24 19:36:07 9452 [Note] InnoDB: Starting crash recovery.
2015-01-24 19:36:07 9452 [Note] InnoDB: Reading tablespace information from the .ibd files...
2015-01-24 19:36:08 9452 [Note] InnoDB: Restoring possible half-written data pages 
2015-01-24 19:36:08 9452 [Note] InnoDB: from the doublewrite buffer...
2015-01-24 19:36:16 9452 [Note] InnoDB: 128 rollback segment(s) are active.
2015-01-24 19:36:16 9452 [Note] InnoDB: Waiting for purge to start
2015-01-24 19:36:17 9452 [Note] InnoDB: 5.6.13 started; log sequence number 1859288
2015-01-24 19:36:17 9452 [Note] Server hostname (bind-address): '*'; port: 3307
2015-01-24 19:36:17 9452 [Note] IPv6 is available.
2015-01-24 19:36:17 9452 [Note]   - '::' resolves to '::';
2015-01-24 19:36:17 9452 [Note] Server socket created on IP: '::'.
2015-01-25 20:06:08 14904 [Note] Plugin 'FEDERATED' is disabled.
2015-01-25 20:06:08 14904 [Note] InnoDB: The InnoDB memory heap is disabled
2015-01-25 20:06:08 14904 [Note] InnoDB: Mutexes and rw_locks use Windows interlocked functions
2015-01-25 20:06:08 14904 [Note] InnoDB: Compressed tables use zlib 1.2.3
2015-01-25 20:06:08 14904 [Note] InnoDB: Not using CPU crc32 instructions
2015-01-25 20:06:08 14904 [Note] InnoDB: Initializing buffer pool, size = 128.0M
2015-01-25 20:06:08 14904 [Note] InnoDB: Completed initialization of buffer pool
2015-01-25 20:06:08 14904 [Note] InnoDB: Highest supported file format is Barracuda.
2015-01-25 20:06:08 14904 [Note] InnoDB: The log sequence numbers 1626134 and 1626134 in ibdata files do not match the log sequence number 1987563 in the ib_logfiles!
2015-01-25 20:06:08 14904 [Note] InnoDB: Database was not shutdown normally!
2015-01-25 20:06:08 14904 [Note] InnoDB: Starting crash recovery.
2015-01-25 20:06:08 14904 [Note] InnoDB: Reading tablespace information from the .ibd files...
2015-01-25 20:06:08 14904 [Note] InnoDB: Restoring possible half-written data pages 
2015-01-25 20:06:08 14904 [Note] InnoDB: from the doublewrite buffer...
2015-01-25 20:06:17 14904 [Note] InnoDB: 128 rollback segment(s) are active.
2015-01-25 20:06:18 14904 [Note] InnoDB: Waiting for purge to start
2015-01-25 20:06:18 14904 [Note] InnoDB: 5.6.13 started; log sequence number 1987563
2015-01-25 20:06:19 14904 [Note] Server hostname (bind-address): '*'; port: 3307
2015-01-25 20:06:19 14904 [Note] IPv6 is available.
2015-01-25 20:06:19 14904 [Note]   - '::' resolves to '::';
2015-01-25 20:06:19 14904 [Note] Server socket created on IP: '::'.
2015-01-25 20:51:38 17404 [Note] Plugin 'FEDERATED' is disabled.
2015-01-25 20:51:38 17404 [Note] InnoDB: The InnoDB memory heap is disabled
2015-01-25 20:51:38 17404 [Note] InnoDB: Mutexes and rw_locks use Windows interlocked functions
2015-01-25 20:51:38 17404 [Note] InnoDB: Compressed tables use zlib 1.2.3
2015-01-25 20:51:38 17404 [Note] InnoDB: Not using CPU crc32 instructions
2015-01-25 20:51:38 17404 [Note] InnoDB: Initializing buffer pool, size = 128.0M
2015-01-25 20:51:38 17404 [Note] InnoDB: Completed initialization of buffer pool
2015-01-25 20:51:39 17404 [Note] InnoDB: Highest supported file format is Barracuda.
2015-01-25 20:51:39 17404 [Note] InnoDB: The log sequence numbers 1626134 and 1626134 in ibdata files do not match the log sequence number 1987573 in the ib_logfiles!
2015-01-25 20:51:39 17404 [Note] InnoDB: Database was not shutdown normally!
2015-01-25 20:51:39 17404 [Note] InnoDB: Starting crash recovery.
2015-01-25 20:51:39 17404 [Note] InnoDB: Reading tablespace information from the .ibd files...
2015-01-25 20:51:39 17404 [Note] InnoDB: Restoring possible half-written data pages 
2015-01-25 20:51:39 17404 [Note] InnoDB: from the doublewrite buffer...
2015-01-25 20:51:42 17404 [Note] InnoDB: 128 rollback segment(s) are active.
2015-01-25 20:51:43 17404 [Note] InnoDB: Waiting for purge to start
2015-01-25 20:51:43 17404 [Note] InnoDB: 5.6.13 started; log sequence number 1987573
2015-01-25 20:51:43 17404 [Note] Server hostname (bind-address): '*'; port: 3307
2015-01-25 20:51:43 17404 [Note] IPv6 is available.
2015-01-25 20:51:43 17404 [Note]   - '::' resolves to '::';
2015-01-25 20:51:43 17404 [Note] Server socket created on IP: '::'.
2015-01-25 21:28:49 15416 [Note] Plugin 'FEDERATED' is disabled.
2015-01-25 21:28:49 15416 [Note] InnoDB: The InnoDB memory heap is disabled
2015-01-25 21:28:49 15416 [Note] InnoDB: Mutexes and rw_locks use Windows interlocked functions
2015-01-25 21:28:49 15416 [Note] InnoDB: Compressed tables use zlib 1.2.3
2015-01-25 21:28:49 15416 [Note] InnoDB: Not using CPU crc32 instructions
2015-01-25 21:28:49 15416 [Note] InnoDB: Initializing buffer pool, size = 128.0M
2015-01-25 21:28:49 15416 [Note] InnoDB: Completed initialization of buffer pool
2015-01-25 21:28:49 15416 [Note] InnoDB: Highest supported file format is Barracuda.
2015-01-25 21:28:49 15416 [Note] InnoDB: The log sequence numbers 1626134 and 1626134 in ibdata files do not match the log sequence number 1987599 in the ib_logfiles!
2015-01-25 21:28:49 15416 [Note] InnoDB: Database was not shutdown normally!
2015-01-25 21:28:49 15416 [Note] InnoDB: Starting crash recovery.
2015-01-25 21:28:49 15416 [Note] InnoDB: Reading tablespace information from the .ibd files...
2015-01-25 21:28:49 15416 [Note] InnoDB: Restoring possible half-written data pages 
2015-01-25 21:28:49 15416 [Note] InnoDB: from the doublewrite buffer...
2015-01-25 21:28:53 15416 [Note] InnoDB: 128 rollback segment(s) are active.
2015-01-25 21:28:53 15416 [Note] InnoDB: Waiting for purge to start
2015-01-25 21:28:53 15416 [Note] InnoDB: 5.6.13 started; log sequence number 1987599
2015-01-25 21:28:53 15416 [Note] Server hostname (bind-address): '*'; port: 3307
2015-01-25 21:28:53 15416 [Note] IPv6 is available.
2015-01-25 21:28:53 15416 [Note]   - '::' resolves to '::';
2015-01-25 21:28:53 15416 [Note] Server socket created on IP: '::'.
2015-01-25 21:47:42 17700 [Note] Plugin 'FEDERATED' is disabled.
2015-01-25 21:47:42 17700 [Note] InnoDB: The InnoDB memory heap is disabled
2015-01-25 21:47:42 17700 [Note] InnoDB: Mutexes and rw_locks use Windows interlocked functions
2015-01-25 21:47:42 17700 [Note] InnoDB: Compressed tables use zlib 1.2.3
2015-01-25 21:47:42 17700 [Note] InnoDB: Not using CPU crc32 instructions
2015-01-25 21:47:42 17700 [Note] InnoDB: Initializing buffer pool, size = 128.0M
2015-01-25 21:47:42 17700 [Note] InnoDB: Completed initialization of buffer pool
2015-01-25 21:47:42 17700 [Note] InnoDB: Highest supported file format is Barracuda.
2015-01-25 21:47:42 17700 [Note] InnoDB: The log sequence numbers 1626134 and 1626134 in ibdata files do not match the log sequence number 1987609 in the ib_logfiles!
2015-01-25 21:47:42 17700 [Note] InnoDB: Database was not shutdown normally!
2015-01-25 21:47:42 17700 [Note] InnoDB: Starting crash recovery.
2015-01-25 21:47:42 17700 [Note] InnoDB: Reading tablespace information from the .ibd files...
2015-01-25 21:47:43 17700 [Note] InnoDB: Restoring possible half-written data pages 
2015-01-25 21:47:43 17700 [Note] InnoDB: from the doublewrite buffer...
2015-01-25 21:47:53 17700 [Note] InnoDB: 128 rollback segment(s) are active.
2015-01-25 21:47:53 17700 [Note] InnoDB: Waiting for purge to start
2015-01-25 21:47:53 17700 [Note] InnoDB: 5.6.13 started; log sequence number 1987609
2015-01-25 21:47:53 17700 [Note] Server hostname (bind-address): '*'; port: 3307
2015-01-25 21:47:53 17700 [Note] IPv6 is available.
2015-01-25 21:47:53 17700 [Note]   - '::' resolves to '::';
2015-01-25 21:47:53 17700 [Note] Server socket created on IP: '::'.
